Warning: $HADOOP_HOME is deprecated.

16/06/25 10:41:20 WARN mapred.JobClient: Use GenericOptionsParser for parsing the arguments. Applications should implement Tool for the same.
16/06/25 10:41:20 INFO input.FileInputFormat: Total input paths to process : 1
16/06/25 10:41:20 INFO util.NativeCodeLoader: Loaded the native-hadoop library
16/06/25 10:41:20 WARN snappy.LoadSnappy: Snappy native library not loaded
16/06/25 10:41:20 INFO mapred.JobClient: Running job: job_201606250906_0049
16/06/25 10:41:21 INFO mapred.JobClient:  map 0% reduce 0%
16/06/25 10:41:24 INFO mapred.JobClient:  map 100% reduce 0%
16/06/25 10:41:31 INFO mapred.JobClient:  map 100% reduce 33%
16/06/25 10:41:32 INFO mapred.JobClient:  map 100% reduce 100%
16/06/25 10:41:32 INFO mapred.JobClient: Job complete: job_201606250906_0049
16/06/25 10:41:32 INFO mapred.JobClient: Counters: 29
16/06/25 10:41:32 INFO mapred.JobClient:   Job Counters 
16/06/25 10:41:32 INFO mapred.JobClient:     Launched reduce tasks=1
16/06/25 10:41:32 INFO mapred.JobClient:     SLOTS_MILLIS_MAPS=2836
16/06/25 10:41:32 INFO mapred.JobClient:     Total time spent by all reduces waiting after reserving slots (ms)=0
16/06/25 10:41:32 INFO mapred.JobClient:     Total time spent by all maps waiting after reserving slots (ms)=0
16/06/25 10:41:32 INFO mapred.JobClient:     Launched map tasks=1
16/06/25 10:41:32 INFO mapred.JobClient:     Data-local map tasks=1
16/06/25 10:41:32 INFO mapred.JobClient:     SLOTS_MILLIS_REDUCES=8068
16/06/25 10:41:32 INFO mapred.JobClient:   File Output Format Counters 
16/06/25 10:41:32 INFO mapred.JobClient:     Bytes Written=460
16/06/25 10:41:32 INFO mapred.JobClient:   FileSystemCounters
16/06/25 10:41:32 INFO mapred.JobClient:     FILE_BYTES_READ=346
16/06/25 10:41:32 INFO mapred.JobClient:     HDFS_BYTES_READ=147
16/06/25 10:41:32 INFO mapred.JobClient:     FILE_BYTES_WRITTEN=110995
16/06/25 10:41:32 INFO mapred.JobClient:     HDFS_BYTES_WRITTEN=460
16/06/25 10:41:32 INFO mapred.JobClient:   File Input Format Counters 
16/06/25 10:41:32 INFO mapred.JobClient:     Bytes Read=40
16/06/25 10:41:32 INFO mapred.JobClient:   Map-Reduce Framework
16/06/25 10:41:32 INFO mapred.JobClient:     Map output materialized bytes=346
16/06/25 10:41:32 INFO mapred.JobClient:     Map input records=7
16/06/25 10:41:32 INFO mapred.JobClient:     Reduce shuffle bytes=346
16/06/25 10:41:32 INFO mapred.JobClient:     Spilled Records=14
16/06/25 10:41:32 INFO mapred.JobClient:     Map output bytes=326
16/06/25 10:41:32 INFO mapred.JobClient:     Total committed heap usage (bytes)=301989888
16/06/25 10:41:32 INFO mapred.JobClient:     CPU time spent (ms)=1510
16/06/25 10:41:32 INFO mapred.JobClient:     Combine input records=0
16/06/25 10:41:32 INFO mapred.JobClient:     SPLIT_RAW_BYTES=107
16/06/25 10:41:32 INFO mapred.JobClient:     Reduce input records=7
16/06/25 10:41:32 INFO mapred.JobClient:     Reduce input groups=7
16/06/25 10:41:32 INFO mapred.JobClient:     Combine output records=0
16/06/25 10:41:32 INFO mapred.JobClient:     Physical memory (bytes) snapshot=321101824
16/06/25 10:41:32 INFO mapred.JobClient:     Reduce output records=7
16/06/25 10:41:32 INFO mapred.JobClient:     Virtual memory (bytes) snapshot=1359855616
16/06/25 10:41:32 INFO mapred.JobClient:     Map output records=7
16/06/25 10:41:32 WARN mapred.JobClient: Use GenericOptionsParser for parsing the arguments. Applications should implement Tool for the same.
16/06/25 10:41:33 INFO input.FileInputFormat: Total input paths to process : 1
16/06/25 10:41:33 INFO mapred.JobClient: Running job: job_201606250906_0050
16/06/25 10:41:34 INFO mapred.JobClient:  map 0% reduce 0%
16/06/25 10:41:37 INFO mapred.JobClient:  map 100% reduce 0%
16/06/25 10:41:44 INFO mapred.JobClient:  map 100% reduce 33%
16/06/25 10:41:45 INFO mapred.JobClient:  map 100% reduce 100%
16/06/25 10:41:45 INFO mapred.JobClient: Job complete: job_201606250906_0050
16/06/25 10:41:45 INFO mapred.JobClient: Counters: 29
16/06/25 10:41:45 INFO mapred.JobClient:   Job Counters 
16/06/25 10:41:45 INFO mapred.JobClient:     Launched reduce tasks=1
16/06/25 10:41:45 INFO mapred.JobClient:     SLOTS_MILLIS_MAPS=2726
16/06/25 10:41:45 INFO mapred.JobClient:     Total time spent by all reduces waiting after reserving slots (ms)=0
16/06/25 10:41:45 INFO mapred.JobClient:     Total time spent by all maps waiting after reserving slots (ms)=0
16/06/25 10:41:45 INFO mapred.JobClient:     Launched map tasks=1
16/06/25 10:41:45 INFO mapred.JobClient:     Data-local map tasks=1
16/06/25 10:41:45 INFO mapred.JobClient:     SLOTS_MILLIS_REDUCES=8083
16/06/25 10:41:45 INFO mapred.JobClient:   File Output Format Counters 
16/06/25 10:41:45 INFO mapred.JobClient:     Bytes Written=183
16/06/25 10:41:45 INFO mapred.JobClient:   FileSystemCounters
16/06/25 10:41:45 INFO mapred.JobClient:     FILE_BYTES_READ=449
16/06/25 10:41:45 INFO mapred.JobClient:     HDFS_BYTES_READ=589
16/06/25 10:41:45 INFO mapred.JobClient:     FILE_BYTES_WRITTEN=111761
16/06/25 10:41:45 INFO mapred.JobClient:     HDFS_BYTES_WRITTEN=183
16/06/25 10:41:45 INFO mapred.JobClient:   File Input Format Counters 
16/06/25 10:41:45 INFO mapred.JobClient:     Bytes Read=460
16/06/25 10:41:45 INFO mapred.JobClient:   Map-Reduce Framework
16/06/25 10:41:45 INFO mapred.JobClient:     Map output materialized bytes=449
16/06/25 10:41:45 INFO mapred.JobClient:     Map input records=7
16/06/25 10:41:45 INFO mapred.JobClient:     Reduce shuffle bytes=449
16/06/25 10:41:45 INFO mapred.JobClient:     Spilled Records=28
16/06/25 10:41:45 INFO mapred.JobClient:     Map output bytes=415
16/06/25 10:41:45 INFO mapred.JobClient:     Total committed heap usage (bytes)=301989888
16/06/25 10:41:45 INFO mapred.JobClient:     CPU time spent (ms)=1250
16/06/25 10:41:45 INFO mapred.JobClient:     Combine input records=0
16/06/25 10:41:45 INFO mapred.JobClient:     SPLIT_RAW_BYTES=129
16/06/25 10:41:45 INFO mapred.JobClient:     Reduce input records=14
16/06/25 10:41:45 INFO mapred.JobClient:     Reduce input groups=2
16/06/25 10:41:45 INFO mapred.JobClient:     Combine output records=0
16/06/25 10:41:45 INFO mapred.JobClient:     Physical memory (bytes) snapshot=318124032
16/06/25 10:41:45 INFO mapred.JobClient:     Reduce output records=2
16/06/25 10:41:45 INFO mapred.JobClient:     Virtual memory (bytes) snapshot=1368035328
16/06/25 10:41:45 INFO mapred.JobClient:     Map output records=14
16/06/25 10:41:45 WARN mapred.JobClient: Use GenericOptionsParser for parsing the arguments. Applications should implement Tool for the same.
16/06/25 10:41:45 INFO input.FileInputFormat: Total input paths to process : 1
16/06/25 10:41:45 INFO mapred.JobClient: Running job: job_201606250906_0051
16/06/25 10:41:46 INFO mapred.JobClient:  map 0% reduce 0%
16/06/25 10:41:49 INFO mapred.JobClient:  map 100% reduce 0%
16/06/25 10:41:56 INFO mapred.JobClient:  map 100% reduce 33%
16/06/25 10:41:57 INFO mapred.JobClient:  map 100% reduce 100%
16/06/25 10:41:57 INFO mapred.JobClient: Job complete: job_201606250906_0051
16/06/25 10:41:57 INFO mapred.JobClient: Counters: 29
16/06/25 10:41:57 INFO mapred.JobClient:   Job Counters 
16/06/25 10:41:57 INFO mapred.JobClient:     Launched reduce tasks=1
16/06/25 10:41:57 INFO mapred.JobClient:     SLOTS_MILLIS_MAPS=2803
16/06/25 10:41:57 INFO mapred.JobClient:     Total time spent by all reduces waiting after reserving slots (ms)=0
16/06/25 10:41:57 INFO mapred.JobClient:     Total time spent by all maps waiting after reserving slots (ms)=0
16/06/25 10:41:57 INFO mapred.JobClient:     Launched map tasks=1
16/06/25 10:41:57 INFO mapred.JobClient:     Data-local map tasks=1
16/06/25 10:41:57 INFO mapred.JobClient:     SLOTS_MILLIS_REDUCES=8138
16/06/25 10:41:57 INFO mapred.JobClient:   File Output Format Counters 
16/06/25 10:41:57 INFO mapred.JobClient:     Bytes Written=115
16/06/25 10:41:57 INFO mapred.JobClient:   FileSystemCounters
16/06/25 10:41:57 INFO mapred.JobClient:     FILE_BYTES_READ=174
16/06/25 10:41:57 INFO mapred.JobClient:     HDFS_BYTES_READ=772
16/06/25 10:41:57 INFO mapred.JobClient:     FILE_BYTES_WRITTEN=111993
16/06/25 10:41:57 INFO mapred.JobClient:     HDFS_BYTES_WRITTEN=115
16/06/25 10:41:57 INFO mapred.JobClient:   File Input Format Counters 
16/06/25 10:41:57 INFO mapred.JobClient:     Bytes Read=460
16/06/25 10:41:57 INFO mapred.JobClient:   Map-Reduce Framework
16/06/25 10:41:57 INFO mapred.JobClient:     Map output materialized bytes=174
16/06/25 10:41:57 INFO mapred.JobClient:     Map input records=7
16/06/25 10:41:57 INFO mapred.JobClient:     Reduce shuffle bytes=174
16/06/25 10:41:57 INFO mapred.JobClient:     Spilled Records=28
16/06/25 10:41:57 INFO mapred.JobClient:     Map output bytes=140
16/06/25 10:41:57 INFO mapred.JobClient:     Total committed heap usage (bytes)=301989888
16/06/25 10:41:57 INFO mapred.JobClient:     CPU time spent (ms)=1510
16/06/25 10:41:57 INFO mapred.JobClient:     Combine input records=0
16/06/25 10:41:57 INFO mapred.JobClient:     SPLIT_RAW_BYTES=129
16/06/25 10:41:57 INFO mapred.JobClient:     Reduce input records=14
16/06/25 10:41:57 INFO mapred.JobClient:     Reduce input groups=1
16/06/25 10:41:57 INFO mapred.JobClient:     Combine output records=0
16/06/25 10:41:57 INFO mapred.JobClient:     Physical memory (bytes) snapshot=323686400
16/06/25 10:41:57 INFO mapred.JobClient:     Reduce output records=1
16/06/25 10:41:57 INFO mapred.JobClient:     Virtual memory (bytes) snapshot=1376165888
16/06/25 10:41:57 INFO mapred.JobClient:     Map output records=14
16/06/25 10:41:57 WARN mapred.JobClient: Use GenericOptionsParser for parsing the arguments. Applications should implement Tool for the same.
16/06/25 10:41:57 INFO input.FileInputFormat: Total input paths to process : 1
16/06/25 10:41:58 INFO mapred.JobClient: Running job: job_201606250906_0052
16/06/25 10:41:59 INFO mapred.JobClient:  map 0% reduce 0%
16/06/25 10:42:02 INFO mapred.JobClient:  map 100% reduce 0%
16/06/25 10:42:09 INFO mapred.JobClient:  map 100% reduce 33%
16/06/25 10:42:11 INFO mapred.JobClient:  map 100% reduce 100%
16/06/25 10:42:11 INFO mapred.JobClient: Job complete: job_201606250906_0052
16/06/25 10:42:11 INFO mapred.JobClient: Counters: 29
16/06/25 10:42:11 INFO mapred.JobClient:   Job Counters 
16/06/25 10:42:11 INFO mapred.JobClient:     Launched reduce tasks=1
16/06/25 10:42:11 INFO mapred.JobClient:     SLOTS_MILLIS_MAPS=2851
16/06/25 10:42:11 INFO mapred.JobClient:     Total time spent by all reduces waiting after reserving slots (ms)=0
16/06/25 10:42:11 INFO mapred.JobClient:     Total time spent by all maps waiting after reserving slots (ms)=0
16/06/25 10:42:11 INFO mapred.JobClient:     Launched map tasks=1
16/06/25 10:42:11 INFO mapred.JobClient:     Data-local map tasks=1
16/06/25 10:42:11 INFO mapred.JobClient:     SLOTS_MILLIS_REDUCES=8145
16/06/25 10:42:11 INFO mapred.JobClient:   File Output Format Counters 
16/06/25 10:42:11 INFO mapred.JobClient:     Bytes Written=481
16/06/25 10:42:11 INFO mapred.JobClient:   FileSystemCounters
16/06/25 10:42:11 INFO mapred.JobClient:     FILE_BYTES_READ=226
16/06/25 10:42:11 INFO mapred.JobClient:     HDFS_BYTES_READ=772
16/06/25 10:42:11 INFO mapred.JobClient:     FILE_BYTES_WRITTEN=112117
16/06/25 10:42:11 INFO mapred.JobClient:     HDFS_BYTES_WRITTEN=481
16/06/25 10:42:11 INFO mapred.JobClient:   File Input Format Counters 
16/06/25 10:42:11 INFO mapred.JobClient:     Bytes Read=460
16/06/25 10:42:11 INFO mapred.JobClient:   Map-Reduce Framework
16/06/25 10:42:11 INFO mapred.JobClient:     Map output materialized bytes=226
16/06/25 10:42:11 INFO mapred.JobClient:     Map input records=7
16/06/25 10:42:11 INFO mapred.JobClient:     Reduce shuffle bytes=226
16/06/25 10:42:11 INFO mapred.JobClient:     Spilled Records=28
16/06/25 10:42:11 INFO mapred.JobClient:     Map output bytes=192
16/06/25 10:42:11 INFO mapred.JobClient:     Total committed heap usage (bytes)=301989888
16/06/25 10:42:11 INFO mapred.JobClient:     CPU time spent (ms)=1440
16/06/25 10:42:11 INFO mapred.JobClient:     Combine input records=0
16/06/25 10:42:11 INFO mapred.JobClient:     SPLIT_RAW_BYTES=129
16/06/25 10:42:11 INFO mapred.JobClient:     Reduce input records=14
16/06/25 10:42:11 INFO mapred.JobClient:     Reduce input groups=7
16/06/25 10:42:11 INFO mapred.JobClient:     Combine output records=0
16/06/25 10:42:11 INFO mapred.JobClient:     Physical memory (bytes) snapshot=320094208
16/06/25 10:42:11 INFO mapred.JobClient:     Reduce output records=7
16/06/25 10:42:11 INFO mapred.JobClient:     Virtual memory (bytes) snapshot=1377353728
16/06/25 10:42:11 INFO mapred.JobClient:     Map output records=14
16/06/25 10:42:11 WARN mapred.JobClient: Use GenericOptionsParser for parsing the arguments. Applications should implement Tool for the same.
16/06/25 10:42:11 INFO input.FileInputFormat: Total input paths to process : 1
16/06/25 10:42:11 INFO mapred.JobClient: Running job: job_201606250906_0053
16/06/25 10:42:12 INFO mapred.JobClient:  map 0% reduce 0%
16/06/25 10:42:15 INFO mapred.JobClient:  map 100% reduce 0%
16/06/25 10:42:22 INFO mapred.JobClient:  map 100% reduce 33%
16/06/25 10:42:23 INFO mapred.JobClient:  map 100% reduce 100%
16/06/25 10:42:23 INFO mapred.JobClient: Job complete: job_201606250906_0053
16/06/25 10:42:23 INFO mapred.JobClient: Counters: 29
16/06/25 10:42:23 INFO mapred.JobClient:   Job Counters 
16/06/25 10:42:23 INFO mapred.JobClient:     Launched reduce tasks=1
16/06/25 10:42:23 INFO mapred.JobClient:     SLOTS_MILLIS_MAPS=2810
16/06/25 10:42:23 INFO mapred.JobClient:     Total time spent by all reduces waiting after reserving slots (ms)=0
16/06/25 10:42:23 INFO mapred.JobClient:     Total time spent by all maps waiting after reserving slots (ms)=0
16/06/25 10:42:23 INFO mapred.JobClient:     Launched map tasks=1
16/06/25 10:42:23 INFO mapred.JobClient:     Data-local map tasks=1
16/06/25 10:42:23 INFO mapred.JobClient:     SLOTS_MILLIS_REDUCES=8036
16/06/25 10:42:23 INFO mapred.JobClient:   File Output Format Counters 
16/06/25 10:42:23 INFO mapred.JobClient:     Bytes Written=184
16/06/25 10:42:23 INFO mapred.JobClient:   FileSystemCounters
16/06/25 10:42:23 INFO mapred.JobClient:     FILE_BYTES_READ=470
16/06/25 10:42:23 INFO mapred.JobClient:     HDFS_BYTES_READ=610
16/06/25 10:42:23 INFO mapred.JobClient:     FILE_BYTES_WRITTEN=111803
16/06/25 10:42:23 INFO mapred.JobClient:     HDFS_BYTES_WRITTEN=184
16/06/25 10:42:23 INFO mapred.JobClient:   File Input Format Counters 
16/06/25 10:42:23 INFO mapred.JobClient:     Bytes Read=481
16/06/25 10:42:23 INFO mapred.JobClient:   Map-Reduce Framework
16/06/25 10:42:23 INFO mapred.JobClient:     Map output materialized bytes=470
16/06/25 10:42:23 INFO mapred.JobClient:     Map input records=7
16/06/25 10:42:23 INFO mapred.JobClient:     Reduce shuffle bytes=470
16/06/25 10:42:23 INFO mapred.JobClient:     Spilled Records=28
16/06/25 10:42:23 INFO mapred.JobClient:     Map output bytes=436
16/06/25 10:42:23 INFO mapred.JobClient:     Total committed heap usage (bytes)=301989888
16/06/25 10:42:23 INFO mapred.JobClient:     CPU time spent (ms)=1570
16/06/25 10:42:23 INFO mapred.JobClient:     Combine input records=0
16/06/25 10:42:23 INFO mapred.JobClient:     SPLIT_RAW_BYTES=129
16/06/25 10:42:23 INFO mapred.JobClient:     Reduce input records=14
16/06/25 10:42:23 INFO mapred.JobClient:     Reduce input groups=2
16/06/25 10:42:23 INFO mapred.JobClient:     Combine output records=0
16/06/25 10:42:23 INFO mapred.JobClient:     Physical memory (bytes) snapshot=316608512
16/06/25 10:42:23 INFO mapred.JobClient:     Reduce output records=2
16/06/25 10:42:23 INFO mapred.JobClient:     Virtual memory (bytes) snapshot=1357074432
16/06/25 10:42:23 INFO mapred.JobClient:     Map output records=14
16/06/25 10:42:23 WARN mapred.JobClient: Use GenericOptionsParser for parsing the arguments. Applications should implement Tool for the same.
16/06/25 10:42:23 INFO input.FileInputFormat: Total input paths to process : 1
16/06/25 10:42:23 INFO mapred.JobClient: Running job: job_201606250906_0054
16/06/25 10:42:24 INFO mapred.JobClient:  map 0% reduce 0%
16/06/25 10:42:27 INFO mapred.JobClient:  map 100% reduce 0%
16/06/25 10:42:34 INFO mapred.JobClient:  map 100% reduce 33%
16/06/25 10:42:35 INFO mapred.JobClient:  map 100% reduce 100%
16/06/25 10:42:35 INFO mapred.JobClient: Job complete: job_201606250906_0054
16/06/25 10:42:35 INFO mapred.JobClient: Counters: 29
16/06/25 10:42:35 INFO mapred.JobClient:   Job Counters 
16/06/25 10:42:35 INFO mapred.JobClient:     Launched reduce tasks=1
16/06/25 10:42:35 INFO mapred.JobClient:     SLOTS_MILLIS_MAPS=2868
16/06/25 10:42:35 INFO mapred.JobClient:     Total time spent by all reduces waiting after reserving slots (ms)=0
16/06/25 10:42:35 INFO mapred.JobClient:     Total time spent by all maps waiting after reserving slots (ms)=0
16/06/25 10:42:35 INFO mapred.JobClient:     Launched map tasks=1
16/06/25 10:42:35 INFO mapred.JobClient:     Data-local map tasks=1
16/06/25 10:42:35 INFO mapred.JobClient:     SLOTS_MILLIS_REDUCES=8098
16/06/25 10:42:35 INFO mapred.JobClient:   File Output Format Counters 
16/06/25 10:42:35 INFO mapred.JobClient:     Bytes Written=115
16/06/25 10:42:35 INFO mapred.JobClient:   FileSystemCounters
16/06/25 10:42:35 INFO mapred.JobClient:     FILE_BYTES_READ=174
16/06/25 10:42:35 INFO mapred.JobClient:     HDFS_BYTES_READ=794
16/06/25 10:42:35 INFO mapred.JobClient:     FILE_BYTES_WRITTEN=111993
16/06/25 10:42:35 INFO mapred.JobClient:     HDFS_BYTES_WRITTEN=115
16/06/25 10:42:35 INFO mapred.JobClient:   File Input Format Counters 
16/06/25 10:42:35 INFO mapred.JobClient:     Bytes Read=481
16/06/25 10:42:35 INFO mapred.JobClient:   Map-Reduce Framework
16/06/25 10:42:35 INFO mapred.JobClient:     Map output materialized bytes=174
16/06/25 10:42:35 INFO mapred.JobClient:     Map input records=7
16/06/25 10:42:35 INFO mapred.JobClient:     Reduce shuffle bytes=174
16/06/25 10:42:35 INFO mapred.JobClient:     Spilled Records=28
16/06/25 10:42:35 INFO mapred.JobClient:     Map output bytes=140
16/06/25 10:42:35 INFO mapred.JobClient:     Total committed heap usage (bytes)=301989888
16/06/25 10:42:35 INFO mapred.JobClient:     CPU time spent (ms)=1450
16/06/25 10:42:35 INFO mapred.JobClient:     Combine input records=0
16/06/25 10:42:35 INFO mapred.JobClient:     SPLIT_RAW_BYTES=129
16/06/25 10:42:35 INFO mapred.JobClient:     Reduce input records=14
16/06/25 10:42:35 INFO mapred.JobClient:     Reduce input groups=1
16/06/25 10:42:35 INFO mapred.JobClient:     Combine output records=0
16/06/25 10:42:35 INFO mapred.JobClient:     Physical memory (bytes) snapshot=321617920
16/06/25 10:42:35 INFO mapred.JobClient:     Reduce output records=1
16/06/25 10:42:35 INFO mapred.JobClient:     Virtual memory (bytes) snapshot=1375924224
16/06/25 10:42:35 INFO mapred.JobClient:     Map output records=14
